{
  "/Users/mariaadelinemaharaniwidyatmoko/Desktop/devops/Todo-List-nodejs/index.js": {
    "path": "/Users/mariaadelinemaharaniwidyatmoko/Desktop/devops/Todo-List-nodejs/index.js",
    "statementMap": {
      "0": {
        "start": { "line": 2, "column": 16 },
        "end": { "line": 2, "column": 34 }
      },
      "1": {
        "start": { "line": 3, "column": 16 },
        "end": { "line": 3, "column": 42 }
      },
      "2": {
        "start": { "line": 4, "column": 13 },
        "end": { "line": 4, "column": 37 }
      },
      "3": {
        "start": { "line": 5, "column": 13 },
        "end": { "line": 5, "column": 28 }
      },
      "4": {
        "start": { "line": 8, "column": 0 },
        "end": { "line": 8, "column": 29 }
      },
      "5": {
        "start": { "line": 10, "column": 12 },
        "end": { "line": 10, "column": 21 }
      },
      "6": {
        "start": { "line": 13, "column": 0 },
        "end": { "line": 13, "column": 30 }
      },
      "7": {
        "start": { "line": 14, "column": 0 },
        "end": { "line": 14, "column": 48 }
      },
      "8": {
        "start": { "line": 17, "column": 0 },
        "end": { "line": 17, "column": 48 }
      },
      "9": {
        "start": { "line": 18, "column": 0 },
        "end": { "line": 18, "column": 34 }
      },
      "10": {
        "start": { "line": 19, "column": 0 },
        "end": { "line": 25, "column": 2 }
      },
      "11": {
        "start": { "line": 27, "column": 0 },
        "end": { "line": 29, "column": 1 }
      },
      "12": {
        "start": { "line": 28, "column": 2 },
        "end": { "line": 28, "column": 60 }
      },
      "13": {
        "start": { "line": 32, "column": 0 },
        "end": { "line": 32, "column": 41 }
      },
      "14": {
        "start": { "line": 33, "column": 0 },
        "end": { "line": 33, "column": 41 }
      },
      "15": {
        "start": { "line": 35, "column": 0 },
        "end": { "line": 38, "column": 3 }
      },
      "16": {
        "start": { "line": 36, "column": 2 },
        "end": { "line": 36, "column": 40 }
      },
      "17": {
        "start": { "line": 36, "column": 11 },
        "end": { "line": 36, "column": 40 }
      },
      "18": {
        "start": { "line": 37, "column": 2 },
        "end": { "line": 37, "column": 65 }
      }
    },
    "fnMap": {
      "0": {
        "name": "(anonymous_0)",
        "decl": {
          "start": { "line": 35, "column": 17 },
          "end": { "line": 35, "column": 18 }
        },
        "loc": {
          "start": { "line": 35, "column": 26 },
          "end": { "line": 38, "column": 1 }
        },
        "line": 35
      }
    },
    "branchMap": {
      "0": {
        "loc": {
          "start": { "line": 4, "column": 13 },
          "end": { "line": 4, "column": 37 }
        },
        "type": "binary-expr",
        "locations": [
          {
            "start": { "line": 4, "column": 13 },
            "end": { "line": 4, "column": 29 }
          },
          {
            "start": { "line": 4, "column": 33 },
            "end": { "line": 4, "column": 37 }
          }
        ],
        "line": 4
      },
      "1": {
        "loc": {
          "start": { "line": 21, "column": 12 },
          "end": { "line": 21, "column": 68 }
        },
        "type": "binary-expr",
        "locations": [
          {
            "start": { "line": 21, "column": 12 },
            "end": { "line": 21, "column": 38 }
          },
          {
            "start": { "line": 21, "column": 42 },
            "end": { "line": 21, "column": 68 }
          }
        ],
        "line": 21
      },
      "2": {
        "loc": {
          "start": { "line": 27, "column": 0 },
          "end": { "line": 29, "column": 1 }
        },
        "type": "if",
        "locations": [
          {
            "start": { "line": 27, "column": 0 },
            "end": { "line": 29, "column": 1 }
          },
          { "start": {}, "end": {} }
        ],
        "line": 27
      },
      "3": {
        "loc": {
          "start": { "line": 36, "column": 2 },
          "end": { "line": 36, "column": 40 }
        },
        "type": "if",
        "locations": [
          {
            "start": { "line": 36, "column": 2 },
            "end": { "line": 36, "column": 40 }
          },
          { "start": {}, "end": {} }
        ],
        "line": 36
      }
    },
    "s": {
      "0": 2,
      "1": 2,
      "2": 2,
      "3": 2,
      "4": 2,
      "5": 2,
      "6": 2,
      "7": 2,
      "8": 2,
      "9": 2,
      "10": 2,
      "11": 2,
      "12": 2,
      "13": 2,
      "14": 2,
      "15": 2,
      "16": 2,
      "17": 0,
      "18": 2
    },
    "f": { "0": 2 },
    "b": { "0": [2, 2], "1": [2, 2], "2": [2, 0], "3": [0, 2] },
    "_coverageSchema": "1a1c01bbd47fc00a2c39e90264f33305004495a9",
    "hash": "fb781e5053fe9204c2acca85b99e8b9f186b2cb7",
    "contentHash": "58658b5d98386dafb609a0a961de7117f1dab3e61b463a9abff39b910e6a31b4"
  },
  "/Users/mariaadelinemaharaniwidyatmoko/Desktop/devops/Todo-List-nodejs/config/mongoose.js": {
    "path": "/Users/mariaadelinemaharaniwidyatmoko/Desktop/devops/Todo-List-nodejs/config/mongoose.js",
    "statementMap": {
      "0": {
        "start": { "line": 1, "column": 13 },
        "end": { "line": 1, "column": 28 }
      },
      "1": {
        "start": { "line": 3, "column": 0 },
        "end": { "line": 3, "column": 71 }
      },
      "2": {
        "start": { "line": 6, "column": 17 },
        "end": { "line": 6, "column": 36 }
      },
      "3": {
        "start": { "line": 8, "column": 14 },
        "end": { "line": 10, "column": 1 }
      },
      "4": {
        "start": { "line": 12, "column": 0 },
        "end": { "line": 12, "column": 62 }
      },
      "5": {
        "start": { "line": 14, "column": 0 },
        "end": { "line": 23, "column": 68 }
      },
      "6": {
        "start": { "line": 22, "column": 14 },
        "end": { "line": 22, "column": 52 }
      },
      "7": {
        "start": { "line": 23, "column": 18 },
        "end": { "line": 23, "column": 66 }
      },
      "8": {
        "start": { "line": 25, "column": 0 },
        "end": { "line": 25, "column": 37 }
      }
    },
    "fnMap": {
      "0": {
        "name": "(anonymous_0)",
        "decl": {
          "start": { "line": 22, "column": 8 },
          "end": { "line": 22, "column": 9 }
        },
        "loc": {
          "start": { "line": 22, "column": 14 },
          "end": { "line": 22, "column": 52 }
        },
        "line": 22
      },
      "1": {
        "name": "(anonymous_1)",
        "decl": {
          "start": { "line": 23, "column": 9 },
          "end": { "line": 23, "column": 10 }
        },
        "loc": {
          "start": { "line": 23, "column": 18 },
          "end": { "line": 23, "column": 66 }
        },
        "line": 23
      }
    },
    "branchMap": {
      "0": {
        "loc": {
          "start": { "line": 9, "column": 2 },
          "end": { "line": 9, "column": 77 }
        },
        "type": "binary-expr",
        "locations": [
          {
            "start": { "line": 9, "column": 2 },
            "end": { "line": 9, "column": 25 }
          },
          {
            "start": { "line": 9, "column": 29 },
            "end": { "line": 9, "column": 52 }
          },
          {
            "start": { "line": 9, "column": 56 },
            "end": { "line": 9, "column": 77 }
          }
        ],
        "line": 9
      }
    },
    "s": {
      "0": 2,
      "1": 2,
      "2": 2,
      "3": 2,
      "4": 2,
      "5": 2,
      "6": 2,
      "7": 0,
      "8": 2
    },
    "f": { "0": 2, "1": 0 },
    "b": { "0": [2, 2, 2] },
    "_coverageSchema": "1a1c01bbd47fc00a2c39e90264f33305004495a9",
    "hash": "92c09d4df8503f238046752142f13ac68ba74368",
    "contentHash": "d852fbd0bde21f778b258294b65228414379fcb66620c1a4dad204128a137966"
  },
  "/Users/mariaadelinemaharaniwidyatmoko/Desktop/devops/Todo-List-nodejs/controllers/alltaskController.js": {
    "path": "/Users/mariaadelinemaharaniwidyatmoko/Desktop/devops/Todo-List-nodejs/controllers/alltaskController.js",
    "statementMap": {
      "0": {
        "start": { "line": 1, "column": 11 },
        "end": { "line": 1, "column": 40 }
      },
      "1": {
        "start": { "line": 2, "column": 18 },
        "end": { "line": 2, "column": 48 }
      },
      "2": {
        "start": { "line": 4, "column": 0 },
        "end": { "line": 20, "column": 2 }
      },
      "3": {
        "start": { "line": 5, "column": 2 },
        "end": { "line": 19, "column": 7 }
      },
      "4": {
        "start": { "line": 8, "column": 8 },
        "end": { "line": 8, "column": 73 }
      },
      "5": {
        "start": { "line": 10, "column": 6 },
        "end": { "line": 14, "column": 9 }
      },
      "6": {
        "start": { "line": 17, "column": 6 },
        "end": { "line": 17, "column": 32 }
      },
      "7": {
        "start": { "line": 18, "column": 6 },
        "end": { "line": 18, "column": 13 }
      }
    },
    "fnMap": {
      "0": {
        "name": "(anonymous_0)",
        "decl": {
          "start": { "line": 4, "column": 25 },
          "end": { "line": 4, "column": 26 }
        },
        "loc": {
          "start": { "line": 4, "column": 45 },
          "end": { "line": 20, "column": 1 }
        },
        "line": 4
      },
      "1": {
        "name": "(anonymous_1)",
        "decl": {
          "start": { "line": 6, "column": 10 },
          "end": { "line": 6, "column": 11 }
        },
        "loc": {
          "start": { "line": 6, "column": 26 },
          "end": { "line": 15, "column": 5 }
        },
        "line": 6
      },
      "2": {
        "name": "(anonymous_2)",
        "decl": {
          "start": { "line": 16, "column": 11 },
          "end": { "line": 16, "column": 12 }
        },
        "loc": {
          "start": { "line": 16, "column": 26 },
          "end": { "line": 19, "column": 5 }
        },
        "line": 16
      }
    },
    "branchMap": {
      "0": {
        "loc": {
          "start": { "line": 8, "column": 8 },
          "end": { "line": 8, "column": 73 }
        },
        "type": "cond-expr",
        "locations": [
          {
            "start": { "line": 8, "column": 42 },
            "end": { "line": 8, "column": 63 }
          },
          {
            "start": { "line": 8, "column": 66 },
            "end": { "line": 8, "column": 73 }
          }
        ],
        "line": 8
      },
      "1": {
        "loc": {
          "start": { "line": 8, "column": 8 },
          "end": { "line": 8, "column": 39 }
        },
        "type": "binary-expr",
        "locations": [
          {
            "start": { "line": 8, "column": 8 },
            "end": { "line": 8, "column": 19 }
          },
          {
            "start": { "line": 8, "column": 23 },
            "end": { "line": 8, "column": 39 }
          }
        ],
        "line": 8
      }
    },
    "s": { "0": 2, "1": 2, "2": 2, "3": 5, "4": 5, "5": 5, "6": 0, "7": 0 },
    "f": { "0": 5, "1": 5, "2": 0 },
    "b": { "0": [3, 2], "1": [5, 5] },
    "_coverageSchema": "1a1c01bbd47fc00a2c39e90264f33305004495a9",
    "hash": "6aae6555c25113b45d8c7c704b9f45a390356bdc",
    "contentHash": "704ac0a6638c9dd47744967dc9ef816bf9ea6b3005cd7e18819f3d6e7e4923b9"
  },
  "/Users/mariaadelinemaharaniwidyatmoko/Desktop/devops/Todo-List-nodejs/controllers/completedtaskController.js": {
    "path": "/Users/mariaadelinemaharaniwidyatmoko/Desktop/devops/Todo-List-nodejs/controllers/completedtaskController.js",
    "statementMap": {
      "0": {
        "start": { "line": 1, "column": 18 },
        "end": { "line": 1, "column": 48 }
      },
      "1": {
        "start": { "line": 3, "column": 0 },
        "end": { "line": 19, "column": 2 }
      },
      "2": {
        "start": { "line": 4, "column": 2 },
        "end": { "line": 18, "column": 7 }
      },
      "3": {
        "start": { "line": 7, "column": 8 },
        "end": { "line": 7, "column": 73 }
      },
      "4": {
        "start": { "line": 9, "column": 6 },
        "end": { "line": 13, "column": 9 }
      },
      "5": {
        "start": { "line": 16, "column": 6 },
        "end": { "line": 16, "column": 32 }
      },
      "6": {
        "start": { "line": 17, "column": 6 },
        "end": { "line": 17, "column": 13 }
      }
    },
    "fnMap": {
      "0": {
        "name": "(anonymous_0)",
        "decl": {
          "start": { "line": 3, "column": 31 },
          "end": { "line": 3, "column": 32 }
        },
        "loc": {
          "start": { "line": 3, "column": 51 },
          "end": { "line": 19, "column": 1 }
        },
        "line": 3
      },
      "1": {
        "name": "(anonymous_1)",
        "decl": {
          "start": { "line": 5, "column": 10 },
          "end": { "line": 5, "column": 11 }
        },
        "loc": {
          "start": { "line": 5, "column": 26 },
          "end": { "line": 14, "column": 5 }
        },
        "line": 5
      },
      "2": {
        "name": "(anonymous_2)",
        "decl": {
          "start": { "line": 15, "column": 11 },
          "end": { "line": 15, "column": 12 }
        },
        "loc": {
          "start": { "line": 15, "column": 26 },
          "end": { "line": 18, "column": 5 }
        },
        "line": 15
      }
    },
    "branchMap": {
      "0": {
        "loc": {
          "start": { "line": 7, "column": 8 },
          "end": { "line": 7, "column": 73 }
        },
        "type": "cond-expr",
        "locations": [
          {
            "start": { "line": 7, "column": 42 },
            "end": { "line": 7, "column": 63 }
          },
          {
            "start": { "line": 7, "column": 66 },
            "end": { "line": 7, "column": 73 }
          }
        ],
        "line": 7
      },
      "1": {
        "loc": {
          "start": { "line": 7, "column": 8 },
          "end": { "line": 7, "column": 39 }
        },
        "type": "binary-expr",
        "locations": [
          {
            "start": { "line": 7, "column": 8 },
            "end": { "line": 7, "column": 19 }
          },
          {
            "start": { "line": 7, "column": 23 },
            "end": { "line": 7, "column": 39 }
          }
        ],
        "line": 7
      }
    },
    "s": { "0": 2, "1": 2, "2": 1, "3": 1, "4": 1, "5": 0, "6": 0 },
    "f": { "0": 1, "1": 1, "2": 0 },
    "b": { "0": [1, 0], "1": [1, 1] },
    "_coverageSchema": "1a1c01bbd47fc00a2c39e90264f33305004495a9",
    "hash": "5a55b8f05dcf24c4861bdabe0996c6d7793acb73",
    "contentHash": "630765e77f831602118dbfadbac9d86d5b730c4b59b86d4afa3dd7c62cab2777"
  },
  "/Users/mariaadelinemaharaniwidyatmoko/Desktop/devops/Todo-List-nodejs/controllers/dashboardController.js": {
    "path": "/Users/mariaadelinemaharaniwidyatmoko/Desktop/devops/Todo-List-nodejs/controllers/dashboardController.js",
    "statementMap": {
      "0": {
        "start": { "line": 1, "column": 18 },
        "end": { "line": 1, "column": 48 }
      },
      "1": {
        "start": { "line": 3, "column": 0 },
        "end": { "line": 20, "column": 2 }
      },
      "2": {
        "start": { "line": 4, "column": 2 },
        "end": { "line": 19, "column": 7 }
      },
      "3": {
        "start": { "line": 7, "column": 8 },
        "end": { "line": 7, "column": 73 }
      },
      "4": {
        "start": { "line": 9, "column": 6 },
        "end": { "line": 13, "column": 9 }
      },
      "5": {
        "start": { "line": 16, "column": 6 },
        "end": { "line": 16, "column": 32 }
      },
      "6": {
        "start": { "line": 18, "column": 6 },
        "end": { "line": 18, "column": 13 }
      }
    },
    "fnMap": {
      "0": {
        "name": "(anonymous_0)",
        "decl": {
          "start": { "line": 3, "column": 27 },
          "end": { "line": 3, "column": 28 }
        },
        "loc": {
          "start": { "line": 3, "column": 47 },
          "end": { "line": 20, "column": 1 }
        },
        "line": 3
      },
      "1": {
        "name": "(anonymous_1)",
        "decl": {
          "start": { "line": 5, "column": 10 },
          "end": { "line": 5, "column": 11 }
        },
        "loc": {
          "start": { "line": 5, "column": 26 },
          "end": { "line": 14, "column": 5 }
        },
        "line": 5
      },
      "2": {
        "name": "(anonymous_2)",
        "decl": {
          "start": { "line": 15, "column": 11 },
          "end": { "line": 15, "column": 12 }
        },
        "loc": {
          "start": { "line": 15, "column": 26 },
          "end": { "line": 19, "column": 5 }
        },
        "line": 15
      }
    },
    "branchMap": {
      "0": {
        "loc": {
          "start": { "line": 7, "column": 8 },
          "end": { "line": 7, "column": 73 }
        },
        "type": "cond-expr",
        "locations": [
          {
            "start": { "line": 7, "column": 42 },
            "end": { "line": 7, "column": 63 }
          },
          {
            "start": { "line": 7, "column": 66 },
            "end": { "line": 7, "column": 73 }
          }
        ],
        "line": 7
      },
      "1": {
        "loc": {
          "start": { "line": 7, "column": 8 },
          "end": { "line": 7, "column": 39 }
        },
        "type": "binary-expr",
        "locations": [
          {
            "start": { "line": 7, "column": 8 },
            "end": { "line": 7, "column": 19 }
          },
          {
            "start": { "line": 7, "column": 23 },
            "end": { "line": 7, "column": 39 }
          }
        ],
        "line": 7
      }
    },
    "s": { "0": 2, "1": 2, "2": 3, "3": 3, "4": 3, "5": 0, "6": 0 },
    "f": { "0": 3, "1": 3, "2": 0 },
    "b": { "0": [3, 0], "1": [3, 3] },
    "_coverageSchema": "1a1c01bbd47fc00a2c39e90264f33305004495a9",
    "hash": "d9d589358f39d1ac46fc2db30a1c6b7d50f8c941",
    "contentHash": "8e1c11e128c7af2c94f17acc99c61784debd1809dad2db57d5385c4f79c40df5"
  },
  "/Users/mariaadelinemaharaniwidyatmoko/Desktop/devops/Todo-List-nodejs/controllers/homeController.js": {
    "path": "/Users/mariaadelinemaharaniwidyatmoko/Desktop/devops/Todo-List-nodejs/controllers/homeController.js",
    "statementMap": {
      "0": {
        "start": { "line": 1, "column": 0 },
        "end": { "line": 5, "column": 2 }
      },
      "1": {
        "start": { "line": 2, "column": 2 },
        "end": { "line": 4, "column": 5 }
      }
    },
    "fnMap": {
      "0": {
        "name": "(anonymous_0)",
        "decl": {
          "start": { "line": 1, "column": 22 },
          "end": { "line": 1, "column": 23 }
        },
        "loc": {
          "start": { "line": 1, "column": 42 },
          "end": { "line": 5, "column": 1 }
        },
        "line": 1
      }
    },
    "branchMap": {},
    "s": { "0": 2, "1": 1 },
    "f": { "0": 1 },
    "b": {},
    "_coverageSchema": "1a1c01bbd47fc00a2c39e90264f33305004495a9",
    "hash": "7dac21ffb569752c241b5099f83e521bf25146cf",
    "contentHash": "46573fdfa908cb49900a8d4cdab628894486d29fdb7bd98fc4c158066bd75120"
  },
  "/Users/mariaadelinemaharaniwidyatmoko/Desktop/devops/Todo-List-nodejs/controllers/registerController.js": {
    "path": "/Users/mariaadelinemaharaniwidyatmoko/Desktop/devops/Todo-List-nodejs/controllers/registerController.js",
    "statementMap": {
      "0": {
        "start": { "line": 1, "column": 0 },
        "end": { "line": 5, "column": 2 }
      },
      "1": {
        "start": { "line": 2, "column": 2 },
        "end": { "line": 4, "column": 5 }
      },
      "2": {
        "start": { "line": 7, "column": 0 },
        "end": { "line": 11, "column": 2 }
      },
      "3": {
        "start": { "line": 8, "column": 2 },
        "end": { "line": 10, "column": 5 }
      }
    },
    "fnMap": {
      "0": {
        "name": "(anonymous_0)",
        "decl": {
          "start": { "line": 1, "column": 26 },
          "end": { "line": 1, "column": 27 }
        },
        "loc": {
          "start": { "line": 1, "column": 46 },
          "end": { "line": 5, "column": 1 }
        },
        "line": 1
      },
      "1": {
        "name": "(anonymous_1)",
        "decl": {
          "start": { "line": 7, "column": 23 },
          "end": { "line": 7, "column": 24 }
        },
        "loc": {
          "start": { "line": 7, "column": 43 },
          "end": { "line": 11, "column": 1 }
        },
        "line": 7
      }
    },
    "branchMap": {},
    "s": { "0": 2, "1": 0, "2": 2, "3": 1 },
    "f": { "0": 0, "1": 1 },
    "b": {},
    "_coverageSchema": "1a1c01bbd47fc00a2c39e90264f33305004495a9",
    "hash": "fe0299b08a7294d22ab54c6eadcfeaa7f7e82175",
    "contentHash": "927f5644e331ab8a88cd40dbafc0d760a40623052bcb7a4a6291b160eec1da17"
  },
  "/Users/mariaadelinemaharaniwidyatmoko/Desktop/devops/Todo-List-nodejs/models/dashboard.js": {
    "path": "/Users/mariaadelinemaharaniwidyatmoko/Desktop/devops/Todo-List-nodejs/models/dashboard.js",
    "statementMap": {
      "0": {
        "start": { "line": 1, "column": 17 },
        "end": { "line": 1, "column": 36 }
      },
      "1": {
        "start": { "line": 2, "column": 13 },
        "end": { "line": 2, "column": 23 }
      },
      "2": {
        "start": { "line": 4, "column": 2 },
        "end": { "line": 4, "column": 69 }
      },
      "3": {
        "start": { "line": 6, "column": 2 },
        "end": { "line": 6, "column": 77 }
      },
      "4": {
        "start": { "line": 7, "column": 0 },
        "end": { "line": 7, "column": 25 }
      },
      "5": {
        "start": { "line": 10, "column": 20 },
        "end": { "line": 23, "column": 3 }
      },
      "6": {
        "start": { "line": 24, "column": 2 },
        "end": { "line": 24, "column": 32 }
      },
      "7": {
        "start": { "line": 27, "column": 24 },
        "end": { "line": 60, "column": 2 }
      },
      "8": {
        "start": { "line": 62, "column": 18 },
        "end": { "line": 62, "column": 62 }
      },
      "9": {
        "start": { "line": 63, "column": 0 },
        "end": { "line": 63, "column": 27 }
      }
    },
    "fnMap": {
      "0": {
        "name": "getMonth",
        "decl": {
          "start": { "line": 9, "column": 9 },
          "end": { "line": 9, "column": 17 }
        },
        "loc": {
          "start": { "line": 9, "column": 31 },
          "end": { "line": 25, "column": 1 }
        },
        "line": 9
      }
    },
    "branchMap": {},
    "s": {
      "0": 2,
      "1": 2,
      "2": 2,
      "3": 2,
      "4": 2,
      "5": 2,
      "6": 2,
      "7": 2,
      "8": 2,
      "9": 2
    },
    "f": { "0": 2 },
    "b": {},
    "_coverageSchema": "1a1c01bbd47fc00a2c39e90264f33305004495a9",
    "hash": "b5d99e0efe3f9556c4c440f360f421042036f5bf",
    "contentHash": "61aad31cabdd1b3e1a6ad6cd5897a852a61daedf1ad09c6742e632a7a0319c61"
  },
  "/Users/mariaadelinemaharaniwidyatmoko/Desktop/devops/Todo-List-nodejs/models/register.js": {
    "path": "/Users/mariaadelinemaharaniwidyatmoko/Desktop/devops/Todo-List-nodejs/models/register.js",
    "statementMap": {
      "0": {
        "start": { "line": 1, "column": 17 },
        "end": { "line": 1, "column": 36 }
      },
      "1": {
        "start": { "line": 2, "column": 23 },
        "end": { "line": 23, "column": 2 }
      },
      "2": {
        "start": { "line": 25, "column": 17 },
        "end": { "line": 25, "column": 59 }
      },
      "3": {
        "start": { "line": 26, "column": 0 },
        "end": { "line": 26, "column": 26 }
      }
    },
    "fnMap": {},
    "branchMap": {},
    "s": { "0": 2, "1": 2, "2": 2, "3": 2 },
    "f": {},
    "b": {},
    "_coverageSchema": "1a1c01bbd47fc00a2c39e90264f33305004495a9",
    "hash": "5171f7aeeb8a1bf4dc80a3ce6a26f30974887610",
    "contentHash": "82a1acce8c5a34c0001825636161d6c743fafd5e52e67e096e7a6cbf8d5d5940"
  },
  "/Users/mariaadelinemaharaniwidyatmoko/Desktop/devops/Todo-List-nodejs/routes/api.js": {
    "path": "/Users/mariaadelinemaharaniwidyatmoko/Desktop/devops/Todo-List-nodejs/routes/api.js",
    "statementMap": {
      "0": {
        "start": { "line": 2, "column": 16 },
        "end": { "line": 2, "column": 34 }
      },
      "1": {
        "start": { "line": 3, "column": 15 },
        "end": { "line": 3, "column": 31 }
      },
      "2": {
        "start": { "line": 6, "column": 13 },
        "end": { "line": 6, "column": 42 }
      },
      "3": {
        "start": { "line": 7, "column": 18 },
        "end": { "line": 7, "column": 48 }
      },
      "4": {
        "start": { "line": 10, "column": 15 },
        "end": { "line": 10, "column": 32 }
      },
      "5": {
        "start": { "line": 13, "column": 2 },
        "end": { "line": 13, "column": 51 }
      },
      "6": {
        "start": { "line": 17, "column": 29 },
        "end": { "line": 17, "column": 69 }
      },
      "7": {
        "start": { "line": 18, "column": 15 },
        "end": { "line": 18, "column": 59 }
      },
      "8": {
        "start": { "line": 19, "column": 2 },
        "end": { "line": 19, "column": 41 }
      },
      "9": {
        "start": { "line": 23, "column": 29 },
        "end": { "line": 23, "column": 69 }
      },
      "10": {
        "start": { "line": 24, "column": 25 },
        "end": { "line": 26, "column": 16 }
      },
      "11": {
        "start": { "line": 27, "column": 15 },
        "end": { "line": 29, "column": 3 }
      },
      "12": {
        "start": { "line": 31, "column": 19 },
        "end": { "line": 35, "column": 12 }
      },
      "13": {
        "start": { "line": 37, "column": 19 },
        "end": { "line": 41, "column": 12 }
      },
      "14": {
        "start": { "line": 43, "column": 2 },
        "end": { "line": 43, "column": 35 }
      },
      "15": {
        "start": { "line": 47, "column": 2 },
        "end": { "line": 47, "column": 43 }
      },
      "16": {
        "start": { "line": 51, "column": 2 },
        "end": { "line": 53, "column": 3 }
      },
      "17": {
        "start": { "line": 52, "column": 4 },
        "end": { "line": 52, "column": 69 }
      },
      "18": {
        "start": { "line": 55, "column": 2 },
        "end": { "line": 55, "column": 106 }
      },
      "19": {
        "start": { "line": 58, "column": 0 },
        "end": { "line": 79, "column": 3 }
      },
      "20": {
        "start": { "line": 59, "column": 2 },
        "end": { "line": 78, "column": 3 }
      },
      "21": {
        "start": { "line": 60, "column": 27 },
        "end": { "line": 60, "column": 67 }
      },
      "22": {
        "start": { "line": 61, "column": 4 },
        "end": { "line": 61, "column": 41 }
      },
      "23": {
        "start": { "line": 63, "column": 17 },
        "end": { "line": 69, "column": 6 }
      },
      "24": {
        "start": { "line": 71, "column": 4 },
        "end": { "line": 71, "column": 52 }
      },
      "25": {
        "start": { "line": 73, "column": 4 },
        "end": { "line": 73, "column": 27 }
      },
      "26": {
        "start": { "line": 75, "column": 4 },
        "end": { "line": 75, "column": 21 }
      },
      "27": {
        "start": { "line": 77, "column": 4 },
        "end": { "line": 77, "column": 32 }
      },
      "28": {
        "start": { "line": 81, "column": 0 },
        "end": { "line": 87, "column": 3 }
      },
      "29": {
        "start": { "line": 82, "column": 16 },
        "end": { "line": 82, "column": 33 }
      },
      "30": {
        "start": { "line": 84, "column": 2 },
        "end": { "line": 84, "column": 21 }
      },
      "31": {
        "start": { "line": 86, "column": 2 },
        "end": { "line": 86, "column": 18 }
      },
      "32": {
        "start": { "line": 89, "column": 0 },
        "end": { "line": 121, "column": 3 }
      },
      "33": {
        "start": { "line": 90, "column": 2 },
        "end": { "line": 120, "column": 3 }
      },
      "34": {
        "start": { "line": 91, "column": 32 },
        "end": { "line": 91, "column": 40 }
      },
      "35": {
        "start": { "line": 94, "column": 17 },
        "end": { "line": 96, "column": 6 }
      },
      "36": {
        "start": { "line": 98, "column": 4 },
        "end": { "line": 100, "column": 5 }
      },
      "37": {
        "start": { "line": 99, "column": 6 },
        "end": { "line": 99, "column": 40 }
      },
      "38": {
        "start": { "line": 103, "column": 20 },
        "end": { "line": 103, "column": 65 }
      },
      "39": {
        "start": { "line": 105, "column": 4 },
        "end": { "line": 107, "column": 5 }
      },
      "40": {
        "start": { "line": 106, "column": 6 },
        "end": { "line": 106, "column": 40 }
      },
      "41": {
        "start": { "line": 109, "column": 4 },
        "end": { "line": 113, "column": 6 }
      },
      "42": {
        "start": { "line": 115, "column": 4 },
        "end": { "line": 115, "column": 31 }
      },
      "43": {
        "start": { "line": 117, "column": 4 },
        "end": { "line": 117, "column": 21 }
      },
      "44": {
        "start": { "line": 119, "column": 4 },
        "end": { "line": 119, "column": 29 }
      },
      "45": {
        "start": { "line": 124, "column": 0 },
        "end": { "line": 140, "column": 3 }
      },
      "46": {
        "start": { "line": 125, "column": 2 },
        "end": { "line": 139, "column": 7 }
      },
      "47": {
        "start": { "line": 133, "column": 6 },
        "end": { "line": 133, "column": 57 }
      },
      "48": {
        "start": { "line": 134, "column": 6 },
        "end": { "line": 134, "column": 27 }
      },
      "49": {
        "start": { "line": 137, "column": 6 },
        "end": { "line": 137, "column": 50 }
      },
      "50": {
        "start": { "line": 138, "column": 6 },
        "end": { "line": 138, "column": 27 }
      },
      "51": {
        "start": { "line": 143, "column": 0 },
        "end": { "line": 154, "column": 3 }
      },
      "52": {
        "start": { "line": 144, "column": 11 },
        "end": { "line": 144, "column": 23 }
      },
      "53": {
        "start": { "line": 145, "column": 2 },
        "end": { "line": 153, "column": 7 }
      },
      "54": {
        "start": { "line": 147, "column": 6 },
        "end": { "line": 147, "column": 59 }
      },
      "55": {
        "start": { "line": 148, "column": 6 },
        "end": { "line": 148, "column": 27 }
      },
      "56": {
        "start": { "line": 151, "column": 6 },
        "end": { "line": 151, "column": 52 }
      },
      "57": {
        "start": { "line": 152, "column": 6 },
        "end": { "line": 152, "column": 27 }
      },
      "58": {
        "start": { "line": 157, "column": 0 },
        "end": { "line": 180, "column": 3 }
      },
      "59": {
        "start": { "line": 158, "column": 2 },
        "end": { "line": 179, "column": 3 }
      },
      "60": {
        "start": { "line": 159, "column": 17 },
        "end": { "line": 159, "column": 55 }
      },
      "61": {
        "start": { "line": 161, "column": 4 },
        "end": { "line": 163, "column": 5 }
      },
      "62": {
        "start": { "line": 162, "column": 6 },
        "end": { "line": 162, "column": 34 }
      },
      "63": {
        "start": { "line": 165, "column": 27 },
        "end": { "line": 171, "column": 6 }
      },
      "64": {
        "start": { "line": 173, "column": 4 },
        "end": { "line": 175, "column": 6 }
      },
      "65": {
        "start": { "line": 177, "column": 4 },
        "end": { "line": 177, "column": 58 }
      },
      "66": {
        "start": { "line": 178, "column": 4 },
        "end": { "line": 178, "column": 32 }
      },
      "67": {
        "start": { "line": 183, "column": 0 },
        "end": { "line": 194, "column": 3 }
      },
      "68": {
        "start": { "line": 184, "column": 11 },
        "end": { "line": 184, "column": 23 }
      },
      "69": {
        "start": { "line": 185, "column": 2 },
        "end": { "line": 193, "column": 7 }
      },
      "70": {
        "start": { "line": 187, "column": 6 },
        "end": { "line": 187, "column": 57 }
      },
      "71": {
        "start": { "line": 188, "column": 6 },
        "end": { "line": 188, "column": 27 }
      },
      "72": {
        "start": { "line": 191, "column": 6 },
        "end": { "line": 191, "column": 50 }
      },
      "73": {
        "start": { "line": 192, "column": 6 },
        "end": { "line": 192, "column": 27 }
      },
      "74": {
        "start": { "line": 196, "column": 0 },
        "end": { "line": 196, "column": 24 }
      }
    },
    "fnMap": {
      "0": {
        "name": "compactDate",
        "decl": {
          "start": { "line": 12, "column": 9 },
          "end": { "line": 12, "column": 20 }
        },
        "loc": {
          "start": { "line": 12, "column": 32 },
          "end": { "line": 14, "column": 1 }
        },
        "line": 12
      },
      "1": {
        "name": "addOneDay",
        "decl": {
          "start": { "line": 16, "column": 9 },
          "end": { "line": 16, "column": 18 }
        },
        "loc": {
          "start": { "line": 16, "column": 30 },
          "end": { "line": 20, "column": 1 }
        },
        "line": 16
      },
      "2": {
        "name": "formatGoogleDateTime",
        "decl": {
          "start": { "line": 22, "column": 9 },
          "end": { "line": 22, "column": 29 }
        },
        "loc": {
          "start": { "line": 22, "column": 68 },
          "end": { "line": 44, "column": 1 }
        },
        "line": 22
      },
      "3": {
        "name": "compactNextDate",
        "decl": {
          "start": { "line": 46, "column": 9 },
          "end": { "line": 46, "column": 24 }
        },
        "loc": {
          "start": { "line": 46, "column": 36 },
          "end": { "line": 48, "column": 1 }
        },
        "line": 46
      },
      "4": {
        "name": "getGoogleCalendarDates",
        "decl": {
          "start": { "line": 50, "column": 9 },
          "end": { "line": 50, "column": 31 }
        },
        "loc": {
          "start": { "line": 50, "column": 38 },
          "end": { "line": 56, "column": 1 }
        },
        "line": 50
      },
      "5": {
        "name": "(anonymous_5)",
        "decl": {
          "start": { "line": 58, "column": 25 },
          "end": { "line": 58, "column": 26 }
        },
        "loc": {
          "start": { "line": 58, "column": 45 },
          "end": { "line": 79, "column": 1 }
        },
        "line": 58
      },
      "6": {
        "name": "(anonymous_6)",
        "decl": {
          "start": { "line": 81, "column": 24 },
          "end": { "line": 81, "column": 25 }
        },
        "loc": {
          "start": { "line": 81, "column": 44 },
          "end": { "line": 87, "column": 1 }
        },
        "line": 81
      },
      "7": {
        "name": "(anonymous_7)",
        "decl": {
          "start": { "line": 89, "column": 22 },
          "end": { "line": 89, "column": 23 }
        },
        "loc": {
          "start": { "line": 89, "column": 42 },
          "end": { "line": 121, "column": 1 }
        },
        "line": 89
      },
      "8": {
        "name": "(anonymous_8)",
        "decl": {
          "start": { "line": 124, "column": 24 },
          "end": { "line": 124, "column": 25 }
        },
        "loc": {
          "start": { "line": 124, "column": 44 },
          "end": { "line": 140, "column": 1 }
        },
        "line": 124
      },
      "9": {
        "name": "(anonymous_9)",
        "decl": {
          "start": { "line": 132, "column": 10 },
          "end": { "line": 132, "column": 11 }
        },
        "loc": {
          "start": { "line": 132, "column": 23 },
          "end": { "line": 135, "column": 5 }
        },
        "line": 132
      },
      "10": {
        "name": "(anonymous_10)",
        "decl": {
          "start": { "line": 136, "column": 11 },
          "end": { "line": 136, "column": 12 }
        },
        "loc": {
          "start": { "line": 136, "column": 20 },
          "end": { "line": 139, "column": 5 }
        },
        "line": 136
      },
      "11": {
        "name": "(anonymous_11)",
        "decl": {
          "start": { "line": 143, "column": 29 },
          "end": { "line": 143, "column": 30 }
        },
        "loc": {
          "start": { "line": 143, "column": 49 },
          "end": { "line": 154, "column": 1 }
        },
        "line": 143
      },
      "12": {
        "name": "(anonymous_12)",
        "decl": {
          "start": { "line": 146, "column": 10 },
          "end": { "line": 146, "column": 11 }
        },
        "loc": {
          "start": { "line": 146, "column": 23 },
          "end": { "line": 149, "column": 5 }
        },
        "line": 146
      },
      "13": {
        "name": "(anonymous_13)",
        "decl": {
          "start": { "line": 150, "column": 11 },
          "end": { "line": 150, "column": 12 }
        },
        "loc": {
          "start": { "line": 150, "column": 20 },
          "end": { "line": 153, "column": 5 }
        },
        "line": 150
      },
      "14": {
        "name": "(anonymous_14)",
        "decl": {
          "start": { "line": 157, "column": 31 },
          "end": { "line": 157, "column": 32 }
        },
        "loc": {
          "start": { "line": 157, "column": 57 },
          "end": { "line": 180, "column": 1 }
        },
        "line": 157
      },
      "15": {
        "name": "(anonymous_15)",
        "decl": {
          "start": { "line": 183, "column": 27 },
          "end": { "line": 183, "column": 28 }
        },
        "loc": {
          "start": { "line": 183, "column": 47 },
          "end": { "line": 194, "column": 1 }
        },
        "line": 183
      },
      "16": {
        "name": "(anonymous_16)",
        "decl": {
          "start": { "line": 186, "column": 10 },
          "end": { "line": 186, "column": 11 }
        },
        "loc": {
          "start": { "line": 186, "column": 23 },
          "end": { "line": 189, "column": 5 }
        },
        "line": 186
      },
      "17": {
        "name": "(anonymous_17)",
        "decl": {
          "start": { "line": 190, "column": 11 },
          "end": { "line": 190, "column": 12 }
        },
        "loc": {
          "start": { "line": 190, "column": 20 },
          "end": { "line": 193, "column": 5 }
        },
        "line": 190
      }
    },
    "branchMap": {
      "0": {
        "loc": {
          "start": { "line": 13, "column": 16 },
          "end": { "line": 13, "column": 31 }
        },
        "type": "binary-expr",
        "locations": [
          {
            "start": { "line": 13, "column": 16 },
            "end": { "line": 13, "column": 25 }
          },
          {
            "start": { "line": 13, "column": 29 },
            "end": { "line": 13, "column": 31 }
          }
        ],
        "line": 13
      },
      "1": {
        "loc": {
          "start": { "line": 22, "column": 52 },
          "end": { "line": 22, "column": 66 }
        },
        "type": "default-arg",
        "locations": [
          {
            "start": { "line": 22, "column": 65 },
            "end": { "line": 22, "column": 66 }
          }
        ],
        "line": 22
      },
      "2": {
        "loc": {
          "start": { "line": 24, "column": 32 },
          "end": { "line": 24, "column": 52 }
        },
        "type": "binary-expr",
        "locations": [
          {
            "start": { "line": 24, "column": 32 },
            "end": { "line": 24, "column": 41 }
          },
          {
            "start": { "line": 24, "column": 45 },
            "end": { "line": 24, "column": 52 }
          }
        ],
        "line": 24
      },
      "3": {
        "loc": {
          "start": { "line": 28, "column": 54 },
          "end": { "line": 28, "column": 65 }
        },
        "type": "binary-expr",
        "locations": [
          {
            "start": { "line": 28, "column": 54 },
            "end": { "line": 28, "column": 60 }
          },
          {
            "start": { "line": 28, "column": 64 },
            "end": { "line": 28, "column": 65 }
          }
        ],
        "line": 28
      },
      "4": {
        "loc": {
          "start": { "line": 51, "column": 2 },
          "end": { "line": 53, "column": 3 }
        },
        "type": "if",
        "locations": [
          {
            "start": { "line": 51, "column": 2 },
            "end": { "line": 53, "column": 3 }
          },
          { "start": {}, "end": {} }
        ],
        "line": 51
      },
      "5": {
        "loc": {
          "start": { "line": 98, "column": 4 },
          "end": { "line": 100, "column": 5 }
        },
        "type": "if",
        "locations": [
          {
            "start": { "line": 98, "column": 4 },
            "end": { "line": 100, "column": 5 }
          },
          { "start": {}, "end": {} }
        ],
        "line": 98
      },
      "6": {
        "loc": {
          "start": { "line": 105, "column": 4 },
          "end": { "line": 107, "column": 5 }
        },
        "type": "if",
        "locations": [
          {
            "start": { "line": 105, "column": 4 },
            "end": { "line": 107, "column": 5 }
          },
          { "start": {}, "end": {} }
        ],
        "line": 105
      },
      "7": {
        "loc": {
          "start": { "line": 161, "column": 4 },
          "end": { "line": 163, "column": 5 }
        },
        "type": "if",
        "locations": [
          {
            "start": { "line": 161, "column": 4 },
            "end": { "line": 163, "column": 5 }
          },
          { "start": {}, "end": {} }
        ],
        "line": 161
      },
      "8": {
        "loc": {
          "start": { "line": 168, "column": 15 },
          "end": { "line": 168, "column": 37 }
        },
        "type": "binary-expr",
        "locations": [
          {
            "start": { "line": 168, "column": 15 },
            "end": { "line": 168, "column": 31 }
          },
          {
            "start": { "line": 168, "column": 35 },
            "end": { "line": 168, "column": 37 }
          }
        ],
        "line": 168
      }
    },
    "s": {
      "0": 2,
      "1": 2,
      "2": 2,
      "3": 2,
      "4": 2,
      "5": 0,
      "6": 0,
      "7": 0,
      "8": 0,
      "9": 0,
      "10": 0,
      "11": 0,
      "12": 0,
      "13": 0,
      "14": 0,
      "15": 0,
      "16": 0,
      "17": 0,
      "18": 0,
      "19": 2,
      "20": 0,
      "21": 0,
      "22": 0,
      "23": 0,
      "24": 0,
      "25": 0,
      "26": 0,
      "27": 0,
      "28": 2,
      "29": 0,
      "30": 0,
      "31": 0,
      "32": 2,
      "33": 1,
      "34": 1,
      "35": 1,
      "36": 1,
      "37": 0,
      "38": 1,
      "39": 1,
      "40": 0,
      "41": 1,
      "42": 1,
      "43": 0,
      "44": 0,
      "45": 2,
      "46": 2,
      "47": 2,
      "48": 2,
      "49": 0,
      "50": 0,
      "51": 2,
      "52": 1,
      "53": 1,
      "54": 1,
      "55": 1,
      "56": 0,
      "57": 0,
      "58": 2,
      "59": 0,
      "60": 0,
      "61": 0,
      "62": 0,
      "63": 0,
      "64": 0,
      "65": 0,
      "66": 0,
      "67": 2,
      "68": 2,
      "69": 2,
      "70": 2,
      "71": 2,
      "72": 0,
      "73": 0,
      "74": 2
    },
    "f": {
      "0": 0,
      "1": 0,
      "2": 0,
      "3": 0,
      "4": 0,
      "5": 0,
      "6": 0,
      "7": 1,
      "8": 2,
      "9": 2,
      "10": 0,
      "11": 1,
      "12": 1,
      "13": 0,
      "14": 0,
      "15": 2,
      "16": 2,
      "17": 0
    },
    "b": {
      "0": [0, 0],
      "1": [0],
      "2": [0, 0],
      "3": [0, 0],
      "4": [0, 0],
      "5": [0, 1],
      "6": [0, 1],
      "7": [0, 0],
      "8": [0, 0]
    },
    "_coverageSchema": "1a1c01bbd47fc00a2c39e90264f33305004495a9",
    "hash": "2da5d8abfd57e572048e16a12b0759778758475a",
    "contentHash": "75d96f0261188298899f5d9abb20dcb312ee428e3fe8fc9a60268d77c5a6cb17"
  },
  "/Users/mariaadelinemaharaniwidyatmoko/Desktop/devops/Todo-List-nodejs/routes/index1.js": {
    "path": "/Users/mariaadelinemaharaniwidyatmoko/Desktop/devops/Todo-List-nodejs/routes/index1.js",
    "statementMap": {
      "0": {
        "start": { "line": 1, "column": 16 },
        "end": { "line": 1, "column": 34 }
      },
      "1": {
        "start": { "line": 2, "column": 15 },
        "end": { "line": 2, "column": 31 }
      },
      "2": {
        "start": { "line": 3, "column": 23 },
        "end": { "line": 3, "column": 63 }
      },
      "3": {
        "start": { "line": 4, "column": 28 },
        "end": { "line": 4, "column": 73 }
      },
      "4": {
        "start": { "line": 5, "column": 27 },
        "end": { "line": 5, "column": 71 }
      },
      "5": {
        "start": { "line": 6, "column": 26 },
        "end": { "line": 6, "column": 69 }
      },
      "6": {
        "start": { "line": 7, "column": 32 },
        "end": { "line": 7, "column": 81 }
      },
      "7": {
        "start": { "line": 10, "column": 0 },
        "end": { "line": 10, "column": 29 }
      },
      "8": {
        "start": { "line": 12, "column": 0 },
        "end": { "line": 12, "column": 37 }
      },
      "9": {
        "start": { "line": 13, "column": 0 },
        "end": { "line": 13, "column": 56 }
      },
      "10": {
        "start": { "line": 14, "column": 0 },
        "end": { "line": 14, "column": 53 }
      },
      "11": {
        "start": { "line": 15, "column": 0 },
        "end": { "line": 15, "column": 47 }
      },
      "12": {
        "start": { "line": 16, "column": 0 },
        "end": { "line": 16, "column": 50 }
      },
      "13": {
        "start": { "line": 17, "column": 0 },
        "end": { "line": 17, "column": 68 }
      },
      "14": {
        "start": { "line": 19, "column": 0 },
        "end": { "line": 19, "column": 24 }
      }
    },
    "fnMap": {},
    "branchMap": {},
    "s": {
      "0": 2,
      "1": 2,
      "2": 2,
      "3": 2,
      "4": 2,
      "5": 2,
      "6": 2,
      "7": 2,
      "8": 2,
      "9": 2,
      "10": 2,
      "11": 2,
      "12": 2,
      "13": 2,
      "14": 2
    },
    "f": {},
    "b": {},
    "_coverageSchema": "1a1c01bbd47fc00a2c39e90264f33305004495a9",
    "hash": "28a9ffc278e5158a3582f3936276419262f4b809",
    "contentHash": "34ff2cbd5fd34cadbf166a2d239d8af20a84840bea99ca419904620bdd42dbf0"
  }
}
