TN:
SF:index.js
FN:35,(anonymous_0)
FNF:1
FNH:1
FNDA:2,(anonymous_0)
DA:2,2
DA:3,2
DA:4,2
DA:5,2
DA:8,2
DA:10,2
DA:13,2
DA:14,2
DA:17,2
DA:18,2
DA:19,2
DA:27,2
DA:28,2
DA:32,2
DA:33,2
DA:35,2
DA:36,2
DA:37,2
LF:18
LH:18
BRDA:4,0,0,2
BRDA:4,0,1,2
BRDA:21,1,0,2
BRDA:21,1,1,2
BRDA:27,2,0,2
BRDA:27,2,1,0
BRDA:36,3,0,0
BRDA:36,3,1,2
BRF:8
BRH:6
end_of_record
TN:
SF:config/mongoose.js
FN:22,(anonymous_0)
FN:23,(anonymous_1)
FNF:2
FNH:1
FNDA:2,(anonymous_0)
FNDA:0,(anonymous_1)
DA:1,2
DA:3,2
DA:6,2
DA:8,2
DA:12,2
DA:14,2
DA:22,2
DA:23,0
DA:25,2
LF:9
LH:8
BRDA:9,0,0,2
BRDA:9,0,1,2
BRDA:9,0,2,2
BRF:3
BRH:3
end_of_record
TN:
SF:controllers/alltaskController.js
FN:4,(anonymous_0)
FN:6,(anonymous_1)
FN:16,(anonymous_2)
FNF:3
FNH:2
FNDA:5,(anonymous_0)
FNDA:5,(anonymous_1)
FNDA:0,(anonymous_2)
DA:1,2
DA:2,2
DA:4,2
DA:5,5
DA:8,5
DA:10,5
DA:17,0
DA:18,0
LF:8
LH:6
BRDA:8,0,0,3
BRDA:8,0,1,2
BRDA:8,1,0,5
BRDA:8,1,1,5
BRF:4
BRH:4
end_of_record
TN:
SF:controllers/completedtaskController.js
FN:3,(anonymous_0)
FN:5,(anonymous_1)
FN:15,(anonymous_2)
FNF:3
FNH:2
FNDA:1,(anonymous_0)
FNDA:1,(anonymous_1)
FNDA:0,(anonymous_2)
DA:1,2
DA:3,2
DA:4,1
DA:7,1
DA:9,1
DA:16,0
DA:17,0
LF:7
LH:5
BRDA:7,0,0,1
BRDA:7,0,1,0
BRDA:7,1,0,1
BRDA:7,1,1,1
BRF:4
BRH:3
end_of_record
TN:
SF:controllers/dashboardController.js
FN:3,(anonymous_0)
FN:5,(anonymous_1)
FN:15,(anonymous_2)
FNF:3
FNH:2
FNDA:3,(anonymous_0)
FNDA:3,(anonymous_1)
FNDA:0,(anonymous_2)
DA:1,2
DA:3,2
DA:4,3
DA:7,3
DA:9,3
DA:16,0
DA:18,0
LF:7
LH:5
BRDA:7,0,0,3
BRDA:7,0,1,0
BRDA:7,1,0,3
BRDA:7,1,1,3
BRF:4
BRH:3
end_of_record
TN:
SF:controllers/homeController.js
FN:1,(anonymous_0)
FNF:1
FNH:1
FNDA:1,(anonymous_0)
DA:1,2
DA:2,1
LF:2
LH:2
BRF:0
BRH:0
end_of_record
TN:
SF:controllers/registerController.js
FN:1,(anonymous_0)
FN:7,(anonymous_1)
FNF:2
FNH:1
FNDA:0,(anonymous_0)
FNDA:1,(anonymous_1)
DA:1,2
DA:2,0
DA:7,2
DA:8,1
LF:4
LH:3
BRF:0
BRH:0
end_of_record
TN:
SF:models/dashboard.js
FN:9,getMonth
FNF:1
FNH:1
FNDA:2,getMonth
DA:1,2
DA:2,2
DA:4,2
DA:6,2
DA:7,2
DA:10,2
DA:24,2
DA:27,2
DA:62,2
DA:63,2
LF:10
LH:10
BRF:0
BRH:0
end_of_record
TN:
SF:models/register.js
FNF:0
FNH:0
DA:1,2
DA:2,2
DA:25,2
DA:26,2
LF:4
LH:4
BRF:0
BRH:0
end_of_record
TN:
SF:routes/api.js
FN:12,compactDate
FN:16,addOneDay
FN:22,formatGoogleDateTime
FN:46,compactNextDate
FN:50,getGoogleCalendarDates
FN:58,(anonymous_5)
FN:81,(anonymous_6)
FN:89,(anonymous_7)
FN:124,(anonymous_8)
FN:132,(anonymous_9)
FN:136,(anonymous_10)
FN:143,(anonymous_11)
FN:146,(anonymous_12)
FN:150,(anonymous_13)
FN:157,(anonymous_14)
FN:183,(anonymous_15)
FN:186,(anonymous_16)
FN:190,(anonymous_17)
FNF:18
FNH:7
FNDA:0,compactDate
FNDA:0,addOneDay
FNDA:0,formatGoogleDateTime
FNDA:0,compactNextDate
FNDA:0,getGoogleCalendarDates
FNDA:0,(anonymous_5)
FNDA:0,(anonymous_6)
FNDA:1,(anonymous_7)
FNDA:2,(anonymous_8)
FNDA:2,(anonymous_9)
FNDA:0,(anonymous_10)
FNDA:1,(anonymous_11)
FNDA:1,(anonymous_12)
FNDA:0,(anonymous_13)
FNDA:0,(anonymous_14)
FNDA:2,(anonymous_15)
FNDA:2,(anonymous_16)
FNDA:0,(anonymous_17)
DA:2,2
DA:3,2
DA:6,2
DA:7,2
DA:10,2
DA:13,0
DA:17,0
DA:18,0
DA:19,0
DA:23,0
DA:24,0
DA:27,0
DA:31,0
DA:37,0
DA:43,0
DA:47,0
DA:51,0
DA:52,0
DA:55,0
DA:58,2
DA:59,0
DA:60,0
DA:61,0
DA:63,0
DA:71,0
DA:73,0
DA:75,0
DA:77,0
DA:81,2
DA:82,0
DA:84,0
DA:86,0
DA:89,2
DA:90,1
DA:91,1
DA:94,1
DA:98,1
DA:99,0
DA:103,1
DA:105,1
DA:106,0
DA:109,1
DA:115,1
DA:117,0
DA:119,0
DA:124,2
DA:125,2
DA:133,2
DA:134,2
DA:137,0
DA:138,0
DA:143,2
DA:144,1
DA:145,1
DA:147,1
DA:148,1
DA:151,0
DA:152,0
DA:157,2
DA:158,0
DA:159,0
DA:161,0
DA:162,0
DA:165,0
DA:173,0
DA:177,0
DA:178,0
DA:183,2
DA:184,2
DA:185,2
DA:187,2
DA:188,2
DA:191,0
DA:192,0
DA:196,2
LF:75
LH:32
BRDA:13,0,0,0
BRDA:13,0,1,0
BRDA:22,1,0,0
BRDA:24,2,0,0
BRDA:24,2,1,0
BRDA:28,3,0,0
BRDA:28,3,1,0
BRDA:51,4,0,0
BRDA:51,4,1,0
BRDA:98,5,0,0
BRDA:98,5,1,1
BRDA:105,6,0,0
BRDA:105,6,1,1
BRDA:161,7,0,0
BRDA:161,7,1,0
BRDA:168,8,0,0
BRDA:168,8,1,0
BRF:17
BRH:2
end_of_record
TN:
SF:routes/index1.js
FNF:0
FNH:0
DA:1,2
DA:2,2
DA:3,2
DA:4,2
DA:5,2
DA:6,2
DA:7,2
DA:10,2
DA:12,2
DA:13,2
DA:14,2
DA:15,2
DA:16,2
DA:17,2
DA:19,2
LF:15
LH:15
BRF:0
BRH:0
end_of_record
